2025-11-01 04:38:35,490 INFO     ----------Arguments-----------
2025-11-01 04:38:35,490 INFO     model = roberta-large
2025-11-01 04:38:35,490 INFO     mode = train
2025-11-01 04:38:35,490 INFO     temp = 0.1
2025-11-01 04:38:35,490 INFO     top_p = 0.5
2025-11-01 04:38:35,490 INFO     penal = 0.0
2025-11-01 04:38:35,490 INFO     log_dir = ./logs
2025-11-01 04:38:35,490 INFO     epoch = 3
2025-11-01 04:38:35,490 INFO     train_batch_size = 16
2025-11-01 04:38:35,490 INFO     valid_batch_size = 8
2025-11-01 04:38:35,490 INFO     lr = 0.0002
2025-11-01 04:38:35,490 INFO     train_data = mentalmanip
2025-11-01 04:38:35,490 INFO     eval_data = mentalmanip_con
2025-11-01 04:38:35,490 INFO     ------------------------------

2025-11-01 04:38:35,509 INFO     -----MentalManip Dataset Information-----
2025-11-01 04:38:35,510 INFO     Total size = 2915, manipulative:non-manipulative ratio = 2.242
2025-11-01 04:38:35,511 INFO     Train size = 1749, manipulative:non-manipulative ratio = 2.263
2025-11-01 04:38:35,511 INFO     Valid size = 583, manipulative:non-manipulative ratio = 2.257
2025-11-01 04:38:35,511 INFO     Test size = 583, manipulative:non-manipulative ratio = 2.168
2025-11-01 04:38:35,511 INFO     
2025-11-01 04:38:35,511 INFO     -----Finetuning Data Size Information-----
2025-11-01 04:38:35,511 INFO     Train size: 1749
2025-11-01 04:38:35,511 INFO     Valid size: 583
2025-11-01 04:38:35,511 INFO     Test size: 583
2025-11-01 04:38:35,511 INFO     
2025-11-01 04:40:13,735 INFO     Epoch: 1
2025-11-01 04:40:13,735 INFO     Best checkpoint: None, Best f1: None
2025-11-01 04:40:13,735 INFO     {'eval_loss': 0.5697013735771179, 'eval_precision': 0.775377969762419, 'eval_recall': 0.8886138613861386, 'eval_accuracy': 0.7444253859348199, 'eval_f1': 0.7444253859348199, 'eval_micro_f1': 0.7444253859348199, 'eval_macro_f1': 0.6649076313586619, 'eval_confusion_matrix': [[75, 104], [45, 359]], 'eval_runtime': 9.5996, 'eval_samples_per_second': 60.732, 'eval_steps_per_second': 7.604, 'epoch': 1.0}
2025-11-01 04:41:47,501 INFO     Epoch: 2
2025-11-01 04:41:47,502 INFO     Best checkpoint: roberta_ft/mentalmanip/checkpoint-110, Best f1: 0.7444253859348199
2025-11-01 04:41:47,502 INFO     {'eval_loss': 0.6419179439544678, 'eval_precision': 0.692967409948542, 'eval_recall': 1.0, 'eval_accuracy': 0.692967409948542, 'eval_f1': 0.692967409948542, 'eval_micro_f1': 0.692967409948542, 'eval_macro_f1': 0.40932117527862205, 'eval_confusion_matrix': [[0, 179], [0, 404]], 'eval_runtime': 9.7306, 'eval_samples_per_second': 59.914, 'eval_steps_per_second': 7.502, 'epoch': 2.0}
2025-11-01 04:43:21,455 INFO     Epoch: 3
2025-11-01 04:43:21,455 INFO     Best checkpoint: roberta_ft/mentalmanip/checkpoint-110, Best f1: 0.7444253859348199
2025-11-01 04:43:21,455 INFO     {'eval_loss': 0.617289125919342, 'eval_precision': 0.692967409948542, 'eval_recall': 1.0, 'eval_accuracy': 0.692967409948542, 'eval_f1': 0.692967409948542, 'eval_micro_f1': 0.692967409948542, 'eval_macro_f1': 0.40932117527862205, 'eval_confusion_matrix': [[0, 179], [0, 404]], 'eval_runtime': 9.7322, 'eval_samples_per_second': 59.904, 'eval_steps_per_second': 7.501, 'epoch': 3.0}
2025-11-01 04:43:26,618 INFO     Epoch: 3
2025-11-01 04:43:26,618 INFO     Best checkpoint: roberta_ft/mentalmanip/checkpoint-110, Best f1: 0.7444253859348199
2025-11-01 04:43:26,635 INFO     {'train_runtime': 279.5455, 'train_samples_per_second': 18.77, 'train_steps_per_second': 1.18, 'train_loss': 0.6528983838630446, 'epoch': 3.0}
2025-11-01 04:43:27,276 INFO     
2025-11-01 04:43:27,276 INFO     -----Test-----
2025-11-01 04:43:36,899 INFO     Epoch: 3
2025-11-01 04:43:36,899 INFO     Best checkpoint: roberta_ft/mentalmanip/checkpoint-110, Best f1: 0.7444253859348199
2025-11-01 04:43:36,899 INFO     {'eval_loss': 0.537546694278717, 'eval_precision': 0.773784355179704, 'eval_recall': 0.9172932330827067, 'eval_accuracy': 0.7598627787307033, 'eval_f1': 0.7598627787307034, 'eval_micro_f1': 0.7598627787307034, 'eval_macro_f1': 0.6816295325469637, 'eval_confusion_matrix': [[77, 107], [33, 366]], 'eval_runtime': 9.6219, 'eval_samples_per_second': 60.591, 'eval_steps_per_second': 7.587, 'epoch': 3.0}
2025-11-01 04:43:36,899 INFO     eval_loss = 0.537546694278717
2025-11-01 04:43:36,899 INFO     eval_precision = 0.773784355179704
2025-11-01 04:43:36,899 INFO     eval_recall = 0.9172932330827067
2025-11-01 04:43:36,899 INFO     eval_accuracy = 0.7598627787307033
2025-11-01 04:43:36,899 INFO     eval_f1 = 0.7598627787307034
2025-11-01 04:43:36,899 INFO     eval_micro_f1 = 0.7598627787307034
2025-11-01 04:43:36,899 INFO     eval_macro_f1 = 0.6816295325469637
2025-11-01 04:43:36,899 INFO     eval_confusion_matrix = [[77, 107], [33, 366]]
2025-11-01 04:43:36,899 INFO     eval_runtime = 9.6219
2025-11-01 04:43:36,899 INFO     eval_samples_per_second = 60.591
2025-11-01 04:43:36,899 INFO     eval_steps_per_second = 7.587
2025-11-01 04:43:36,899 INFO     epoch = 3.0
